<?xml version="1.0" encoding="UTF-8"?>
<!-- Generated by org.testng.reporters.JUnitReportReporter -->
<testsuite skipped="0" hostname="LAPTOP-UEBJNDF4" name="com.selenium.tests.TestUrl" tests="2" failures="0" timestamp="2020-05-11T23:02:31 IST" time="12.119" errors="0">
  <testcase name="UrlTesting" time="3.504" classname="com.selenium.tests.TestUrl"/>
  <system-out/>
  <testcase name="UrlTesting" time="8.615" classname="com.selenium.tests.TestUrl"/>
  <system-out/>
</testsuite> <!-- com.selenium.tests.TestUrl -->
