<?xml version="1.0" encoding="UTF-8"?>
<!-- Generated by org.testng.reporters.JUnitReportReporter -->
<testsuite skipped="0" hostname="DESKTOP-JH48RN9" name="com.selenium.tests.Extent_Reports" tests="2" failures="0" timestamp="2020-06-02T01:32:48 IST" time="0.131" errors="0">
  <testcase name="test1" time="0.129" classname="com.selenium.tests.Extent_Reports"/>
  <system-out/>
  <testcase name="test2" time="0.002" classname="com.selenium.tests.Extent_Reports"/>
  <system-out/>
</testsuite> <!-- com.selenium.tests.Extent_Reports -->
